<?xml version="1.0" encoding="UTF-8"?>
<coverage generated="1695947602464" clover="3.2.0">
  <project timestamp="1695947602464" name="All files">
    <metrics statements="92" coveredstatements="89" conditionals="57" coveredconditionals="54" methods="19" coveredmethods="19" elements="168" coveredelements="162" complexity="0" loc="92" ncloc="92" packages="3" files="6" classes="6"/>
    <package name="__fixtures__">
      <metrics statements="1" coveredstatements="1" conditionals="0" coveredconditionals="0" methods="0" coveredmethods="0"/>
      <file name="diffArray.js" path="/home/lukatar/frontend-project-46/__fixtures__/diffArray.js">
        <metrics statements="1" coveredstatements="1" conditionals="0" coveredconditionals="0" methods="0" coveredmethods="0"/>
        <line num="1" count="3" type="stmt"/>
      </file>
    </package>
    <package name="src">
      <metrics statements="27" coveredstatements="26" conditionals="16" coveredconditionals="15" methods="5" coveredmethods="5"/>
      <file name="fileParse.js" path="/home/lukatar/frontend-project-46/src/fileParse.js">
        <metrics statements="6" coveredstatements="5" conditionals="4" coveredconditionals="3" methods="1" coveredmethods="1"/>
        <line num="3" count="1" type="stmt"/>
        <line num="4" count="3" type="cond" truecount="3" falsecount="1"/>
        <line num="6" count="1" type="stmt"/>
        <line num="8" count="1" type="stmt"/>
        <line num="10" count="1" type="stmt"/>
        <line num="12" count="0" type="stmt"/>
      </file>
      <file name="generateDiff.js" path="/home/lukatar/frontend-project-46/src/generateDiff.js">
        <metrics statements="21" coveredstatements="21" conditionals="12" coveredconditionals="12" methods="4" coveredmethods="4"/>
        <line num="3" count="1" type="stmt"/>
        <line num="4" count="1" type="stmt"/>
        <line num="7" count="1" type="stmt"/>
        <line num="8" count="9" type="cond" truecount="2" falsecount="0"/>
        <line num="9" count="1" type="stmt"/>
        <line num="13" count="8" type="stmt"/>
        <line num="18" count="1" type="stmt"/>
        <line num="19" count="6" type="stmt"/>
        <line num="20" count="6" type="stmt"/>
        <line num="21" count="6" type="stmt"/>
        <line num="22" count="6" type="stmt"/>
        <line num="24" count="10" type="cond" truecount="2" falsecount="0"/>
        <line num="25" count="2" type="stmt"/>
        <line num="27" count="8" type="cond" truecount="2" falsecount="0"/>
        <line num="28" count="1" type="stmt"/>
        <line num="30" count="7" type="cond" truecount="4" falsecount="0"/>
        <line num="31" count="1" type="stmt"/>
        <line num="32" count="1" type="stmt"/>
        <line num="34" count="6" type="cond" truecount="2" falsecount="0"/>
        <line num="35" count="5" type="stmt"/>
        <line num="37" count="1" type="stmt"/>
      </file>
    </package>
    <package name="src.formatters">
      <metrics statements="64" coveredstatements="62" conditionals="41" coveredconditionals="39" methods="14" coveredmethods="14"/>
      <file name="index.js" path="/home/lukatar/frontend-project-46/src/formatters/index.js">
        <metrics statements="8" coveredstatements="7" conditionals="6" coveredconditionals="5" methods="1" coveredmethods="1"/>
        <line num="5" count="1" type="stmt"/>
        <line num="6" count="3" type="cond" truecount="2" falsecount="0"/>
        <line num="7" count="1" type="stmt"/>
        <line num="9" count="2" type="cond" truecount="2" falsecount="0"/>
        <line num="10" count="1" type="stmt"/>
        <line num="12" count="1" type="cond" truecount="1" falsecount="1"/>
        <line num="13" count="1" type="stmt"/>
        <line num="15" count="0" type="stmt"/>
      </file>
      <file name="makePlain.js" path="/home/lukatar/frontend-project-46/src/formatters/makePlain.js">
        <metrics statements="17" coveredstatements="16" conditionals="14" coveredconditionals="13" methods="6" coveredmethods="6"/>
        <line num="1" count="2" type="stmt"/>
        <line num="2" count="26" type="cond" truecount="2" falsecount="0"/>
        <line num="3" count="14" type="stmt"/>
        <line num="4" count="12" type="cond" truecount="4" falsecount="0"/>
        <line num="5" count="6" type="stmt"/>
        <line num="7" count="6" type="stmt"/>
        <line num="9" count="30" type="cond" truecount="2" falsecount="0"/>
        <line num="11" count="10" type="stmt"/>
        <line num="12" count="26" type="stmt"/>
        <line num="14" count="36" type="cond" truecount="5" falsecount="1"/>
        <line num="16" count="10" type="stmt"/>
        <line num="19" count="4" type="stmt"/>
        <line num="22" count="8" type="stmt"/>
        <line num="25" count="6" type="stmt"/>
        <line num="28" count="8" type="stmt"/>
        <line num="31" count="0" type="stmt"/>
        <line num="38" count="2" type="stmt"/>
      </file>
      <file name="makeStylish.js" path="/home/lukatar/frontend-project-46/src/formatters/makeStylish.js">
        <metrics statements="39" coveredstatements="39" conditionals="21" coveredconditionals="21" methods="7" coveredmethods="7"/>
        <line num="1" count="2" type="stmt"/>
        <line num="3" count="2" type="stmt"/>
        <line num="4" count="14" type="stmt"/>
        <line num="5" count="14" type="stmt"/>
        <line num="7" count="14" type="stmt"/>
        <line num="9" count="18" type="stmt"/>
        <line num="10" count="18" type="cond" truecount="4" falsecount="0"/>
        <line num="11" count="6" type="stmt"/>
        <line num="13" count="12" type="stmt"/>
        <line num="15" count="18" type="stmt"/>
        <line num="17" count="14" type="stmt"/>
        <line num="20" count="2" type="stmt"/>
        <line num="21" count="30" type="cond" truecount="4" falsecount="0"/>
        <line num="22" count="8" type="stmt"/>
        <line num="24" count="22" type="stmt"/>
        <line num="27" count="2" type="stmt"/>
        <line num="28" count="2" type="stmt"/>
        <line num="30" count="2" type="cond" truecount="1" falsecount="0"/>
        <line num="31" count="46" type="stmt"/>
        <line num="32" count="46" type="cond" truecount="2" falsecount="0"/>
        <line num="33" count="26" type="stmt"/>
        <line num="34" count="10" type="stmt"/>
        <line num="35" count="36" type="stmt"/>
        <line num="37" count="46" type="cond" truecount="2" falsecount="0"/>
        <line num="38" count="10" type="stmt"/>
        <line num="39" count="10" type="stmt"/>
        <line num="41" count="46" type="cond" truecount="2" falsecount="0"/>
        <line num="42" count="4" type="stmt"/>
        <line num="43" count="4" type="stmt"/>
        <line num="45" count="46" type="cond" truecount="2" falsecount="0"/>
        <line num="46" count="6" type="stmt"/>
        <line num="48" count="46" type="cond" truecount="2" falsecount="0"/>
        <line num="49" count="8" type="stmt"/>
        <line num="50" count="8" type="stmt"/>
        <line num="51" count="8" type="stmt"/>
        <line num="53" count="46" type="cond" truecount="2" falsecount="0"/>
        <line num="54" count="8" type="stmt"/>
        <line num="56" count="46" type="stmt"/>
        <line num="58" count="2" type="stmt"/>
      </file>
    </package>
  </project>
</coverage>
