{"/home/lukatar/frontend-project-46/__fixtures__/diffArray.js": {"path":"/home/lukatar/frontend-project-46/__fixtures__/diffArray.js","statementMap":{"0":{"start":{"line":1,"column":13},"end":{"line":116,"column":1}}},"fnMap":{},"branchMap":{},"s":{"0":3},"f":{},"b":{},"_coverageSchema":"1a1c01bbd47fc00a2c39e90264f33305004495a9","hash":"49c1446abc11739a83a032eb011a208902a81f27"}
,"/home/lukatar/frontend-project-46/src/fileParse.js": {"path":"/home/lukatar/frontend-project-46/src/fileParse.js","statementMap":{"0":{"start":{"line":3,"column":18},"end":{"line":14,"column":1}},"1":{"start":{"line":4,"column":2},"end":{"line":13,"column":3}},"2":{"start":{"line":6,"column":6},"end":{"line":6,"column":29}},"3":{"start":{"line":8,"column":6},"end":{"line":8,"column":29}},"4":{"start":{"line":10,"column":6},"end":{"line":10,"column":30}},"5":{"start":{"line":12,"column":6},"end":{"line":12,"column":66}}},"fnMap":{"0":{"name":"(anonymous_0)","decl":{"start":{"line":3,"column":18},"end":{"line":3,"column":19}},"loc":{"start":{"line":3,"column":39},"end":{"line":14,"column":1}},"line":3}},"branchMap":{"0":{"loc":{"start":{"line":4,"column":2},"end":{"line":13,"column":3}},"type":"switch","locations":[{"start":{"line":5,"column":4},"end":{"line":6,"column":29}},{"start":{"line":7,"column":4},"end":{"line":8,"column":29}},{"start":{"line":9,"column":4},"end":{"line":10,"column":30}},{"start":{"line":11,"column":4},"end":{"line":12,"column":66}}],"line":4}},"s":{"0":1,"1":3,"2":1,"3":1,"4":1,"5":0},"f":{"0":3},"b":{"0":[1,1,1,0]},"_coverageSchema":"1a1c01bbd47fc00a2c39e90264f33305004495a9","hash":"5c5d5e749ad1b598b8d2262f88b3a881be2408b7"}
,"/home/lukatar/frontend-project-46/src/generateDiff.js": {"path":"/home/lukatar/frontend-project-46/src/generateDiff.js","statementMap":{"0":{"start":{"line":3,"column":30},"end":{"line":6,"column":4}},"1":{"start":{"line":4,"column":2},"end":{"line":6,"column":3}},"2":{"start":{"line":7,"column":28},"end":{"line":16,"column":1}},"3":{"start":{"line":8,"column":2},"end":{"line":12,"column":3}},"4":{"start":{"line":9,"column":4},"end":{"line":11,"column":6}},"5":{"start":{"line":13,"column":2},"end":{"line":15,"column":4}},"6":{"start":{"line":18,"column":16},"end":{"line":39,"column":1}},"7":{"start":{"line":19,"column":21},"end":{"line":19,"column":43}},"8":{"start":{"line":20,"column":20},"end":{"line":20,"column":41}},"9":{"start":{"line":21,"column":21},"end":{"line":21,"column":61}},"10":{"start":{"line":22,"column":2},"end":{"line":38,"column":7}},"11":{"start":{"line":24,"column":6},"end":{"line":26,"column":7}},"12":{"start":{"line":25,"column":8},"end":{"line":25,"column":64}},"13":{"start":{"line":27,"column":6},"end":{"line":29,"column":7}},"14":{"start":{"line":28,"column":8},"end":{"line":28,"column":67}},"15":{"start":{"line":30,"column":6},"end":{"line":33,"column":7}},"16":{"start":{"line":31,"column":22},"end":{"line":31,"column":60}},"17":{"start":{"line":32,"column":8},"end":{"line":32,"column":57}},"18":{"start":{"line":34,"column":6},"end":{"line":36,"column":7}},"19":{"start":{"line":35,"column":8},"end":{"line":35,"column":69}},"20":{"start":{"line":37,"column":6},"end":{"line":37,"column":82}}},"fnMap":{"0":{"name":"(anonymous_0)","decl":{"start":{"line":3,"column":30},"end":{"line":3,"column":31}},"loc":{"start":{"line":4,"column":2},"end":{"line":6,"column":3}},"line":4},"1":{"name":"(anonymous_1)","decl":{"start":{"line":7,"column":28},"end":{"line":7,"column":29}},"loc":{"start":{"line":7,"column":52},"end":{"line":16,"column":1}},"line":7},"2":{"name":"(anonymous_2)","decl":{"start":{"line":18,"column":16},"end":{"line":18,"column":17}},"loc":{"start":{"line":18,"column":41},"end":{"line":39,"column":1}},"line":18},"3":{"name":"(anonymous_3)","decl":{"start":{"line":23,"column":9},"end":{"line":23,"column":10}},"loc":{"start":{"line":23,"column":18},"end":{"line":38,"column":5}},"line":23}},"branchMap":{"0":{"loc":{"start":{"line":8,"column":2},"end":{"line":12,"column":3}},"type":"if","locations":[{"start":{"line":8,"column":2},"end":{"line":12,"column":3}},{"start":{},"end":{}}],"line":8},"1":{"loc":{"start":{"line":24,"column":6},"end":{"line":26,"column":7}},"type":"if","locations":[{"start":{"line":24,"column":6},"end":{"line":26,"column":7}},{"start":{},"end":{}}],"line":24},"2":{"loc":{"start":{"line":27,"column":6},"end":{"line":29,"column":7}},"type":"if","locations":[{"start":{"line":27,"column":6},"end":{"line":29,"column":7}},{"start":{},"end":{}}],"line":27},"3":{"loc":{"start":{"line":30,"column":6},"end":{"line":33,"column":7}},"type":"if","locations":[{"start":{"line":30,"column":6},"end":{"line":33,"column":7}},{"start":{},"end":{}}],"line":30},"4":{"loc":{"start":{"line":30,"column":10},"end":{"line":30,"column":75}},"type":"binary-expr","locations":[{"start":{"line":30,"column":10},"end":{"line":30,"column":41}},{"start":{"line":30,"column":45},"end":{"line":30,"column":75}}],"line":30},"5":{"loc":{"start":{"line":34,"column":6},"end":{"line":36,"column":7}},"type":"if","locations":[{"start":{"line":34,"column":6},"end":{"line":36,"column":7}},{"start":{},"end":{}}],"line":34}},"s":{"0":1,"1":1,"2":1,"3":9,"4":1,"5":8,"6":1,"7":6,"8":6,"9":6,"10":6,"11":10,"12":2,"13":8,"14":1,"15":7,"16":1,"17":1,"18":6,"19":5,"20":1},"f":{"0":1,"1":9,"2":6,"3":10},"b":{"0":[1,8],"1":[2,8],"2":[1,7],"3":[1,6],"4":[7,1],"5":[5,1]},"_coverageSchema":"1a1c01bbd47fc00a2c39e90264f33305004495a9","hash":"a7b0507d72dd12b49938a7d4265b5361e273966a"}
,"/home/lukatar/frontend-project-46/src/formatters/index.js": {"path":"/home/lukatar/frontend-project-46/src/formatters/index.js","statementMap":{"0":{"start":{"line":5,"column":19},"end":{"line":16,"column":1}},"1":{"start":{"line":6,"column":2},"end":{"line":8,"column":3}},"2":{"start":{"line":7,"column":4},"end":{"line":7,"column":29}},"3":{"start":{"line":9,"column":2},"end":{"line":11,"column":3}},"4":{"start":{"line":10,"column":4},"end":{"line":10,"column":27}},"5":{"start":{"line":12,"column":2},"end":{"line":14,"column":3}},"6":{"start":{"line":13,"column":4},"end":{"line":13,"column":32}},"7":{"start":{"line":15,"column":2},"end":{"line":15,"column":52}}},"fnMap":{"0":{"name":"(anonymous_0)","decl":{"start":{"line":5,"column":19},"end":{"line":5,"column":20}},"loc":{"start":{"line":5,"column":37},"end":{"line":16,"column":1}},"line":5}},"branchMap":{"0":{"loc":{"start":{"line":6,"column":2},"end":{"line":8,"column":3}},"type":"if","locations":[{"start":{"line":6,"column":2},"end":{"line":8,"column":3}},{"start":{},"end":{}}],"line":6},"1":{"loc":{"start":{"line":9,"column":2},"end":{"line":11,"column":3}},"type":"if","locations":[{"start":{"line":9,"column":2},"end":{"line":11,"column":3}},{"start":{},"end":{}}],"line":9},"2":{"loc":{"start":{"line":12,"column":2},"end":{"line":14,"column":3}},"type":"if","locations":[{"start":{"line":12,"column":2},"end":{"line":14,"column":3}},{"start":{},"end":{}}],"line":12}},"s":{"0":1,"1":3,"2":1,"3":2,"4":1,"5":1,"6":1,"7":0},"f":{"0":3},"b":{"0":[1,2],"1":[1,1],"2":[1,0]},"_coverageSchema":"1a1c01bbd47fc00a2c39e90264f33305004495a9","hash":"69dc64e4ba2e5fbb691f11af41fe7bad9d36d2fe"}
,"/home/lukatar/frontend-project-46/src/formatters/makePlain.js": {"path":"/home/lukatar/frontend-project-46/src/formatters/makePlain.js","statementMap":{"0":{"start":{"line":1,"column":18},"end":{"line":8,"column":1}},"1":{"start":{"line":2,"column":2},"end":{"line":4,"column":3}},"2":{"start":{"line":3,"column":4},"end":{"line":3,"column":24}},"3":{"start":{"line":4,"column":4},"end":{"line":6,"column":3}},"4":{"start":{"line":5,"column":4},"end":{"line":5,"column":29}},"5":{"start":{"line":7,"column":2},"end":{"line":7,"column":15}},"6":{"start":{"line":9,"column":16},"end":{"line":9,"column":69}},"7":{"start":{"line":9,"column":32},"end":{"line":9,"column":68}},"8":{"start":{"line":11,"column":13},"end":{"line":36,"column":13}},"9":{"start":{"line":11,"column":37},"end":{"line":36,"column":13}},"10":{"start":{"line":12,"column":18},"end":{"line":12,"column":44}},"11":{"start":{"line":14,"column":4},"end":{"line":33,"column":5}},"12":{"start":{"line":16,"column":8},"end":{"line":16,"column":110}},"13":{"start":{"line":19,"column":8},"end":{"line":19,"column":75}},"14":{"start":{"line":22,"column":8},"end":{"line":22,"column":145}},"15":{"start":{"line":25,"column":8},"end":{"line":25,"column":20}},"16":{"start":{"line":28,"column":8},"end":{"line":28,"column":68}},"17":{"start":{"line":31,"column":8},"end":{"line":31,"column":60}},"18":{"start":{"line":38,"column":18},"end":{"line":38,"column":54}},"19":{"start":{"line":38,"column":34},"end":{"line":38,"column":54}}},"fnMap":{"0":{"name":"(anonymous_0)","decl":{"start":{"line":1,"column":18},"end":{"line":1,"column":19}},"loc":{"start":{"line":1,"column":29},"end":{"line":8,"column":1}},"line":1},"1":{"name":"(anonymous_1)","decl":{"start":{"line":9,"column":16},"end":{"line":9,"column":17}},"loc":{"start":{"line":9,"column":32},"end":{"line":9,"column":68}},"line":9},"2":{"name":"(anonymous_2)","decl":{"start":{"line":11,"column":13},"end":{"line":11,"column":14}},"loc":{"start":{"line":11,"column":37},"end":{"line":36,"column":13}},"line":11},"3":{"name":"(anonymous_3)","decl":{"start":{"line":12,"column":8},"end":{"line":12,"column":9}},"loc":{"start":{"line":12,"column":18},"end":{"line":12,"column":44}},"line":12},"4":{"name":"(anonymous_4)","decl":{"start":{"line":13,"column":7},"end":{"line":13,"column":8}},"loc":{"start":{"line":13,"column":17},"end":{"line":34,"column":3}},"line":13},"5":{"name":"(anonymous_5)","decl":{"start":{"line":38,"column":18},"end":{"line":38,"column":19}},"loc":{"start":{"line":38,"column":34},"end":{"line":38,"column":54}},"line":38}},"branchMap":{"0":{"loc":{"start":{"line":2,"column":2},"end":{"line":4,"column":3}},"type":"if","locations":[{"start":{"line":2,"column":2},"end":{"line":4,"column":3}},{"start":{},"end":{}}],"line":2},"1":{"loc":{"start":{"line":4,"column":4},"end":{"line":6,"column":3}},"type":"if","locations":[{"start":{"line":4,"column":4},"end":{"line":6,"column":3}},{"start":{},"end":{}}],"line":4},"2":{"loc":{"start":{"line":4,"column":8},"end":{"line":4,"column":51}},"type":"binary-expr","locations":[{"start":{"line":4,"column":8},"end":{"line":4,"column":33}},{"start":{"line":4,"column":37},"end":{"line":4,"column":51}}],"line":4},"3":{"loc":{"start":{"line":9,"column":32},"end":{"line":9,"column":68}},"type":"cond-expr","locations":[{"start":{"line":9,"column":46},"end":{"line":9,"column":62}},{"start":{"line":9,"column":65},"end":{"line":9,"column":68}}],"line":9},"4":{"loc":{"start":{"line":14,"column":4},"end":{"line":33,"column":5}},"type":"switch","locations":[{"start":{"line":15,"column":6},"end":{"line":17,"column":7}},{"start":{"line":18,"column":6},"end":{"line":20,"column":7}},{"start":{"line":21,"column":6},"end":{"line":23,"column":7}},{"start":{"line":24,"column":6},"end":{"line":26,"column":7}},{"start":{"line":27,"column":6},"end":{"line":29,"column":7}},{"start":{"line":30,"column":6},"end":{"line":32,"column":7}}],"line":14}},"s":{"0":2,"1":26,"2":14,"3":12,"4":6,"5":6,"6":2,"7":30,"8":2,"9":10,"10":26,"11":36,"12":10,"13":4,"14":8,"15":6,"16":8,"17":0,"18":2,"19":2},"f":{"0":26,"1":30,"2":10,"3":26,"4":36,"5":2},"b":{"0":[14,12],"1":[6,6],"2":[12,8],"3":[22,8],"4":[10,4,8,6,8,0]},"_coverageSchema":"1a1c01bbd47fc00a2c39e90264f33305004495a9","hash":"7e2e712d2289a63f5519d678006898ff563d1896"}
,"/home/lukatar/frontend-project-46/src/formatters/makeStylish.js": {"path":"/home/lukatar/frontend-project-46/src/formatters/makeStylish.js","statementMap":{"0":{"start":{"line":1,"column":14},"end":{"line":1,"column":17}},"1":{"start":{"line":3,"column":23},"end":{"line":18,"column":1}},"2":{"start":{"line":4,"column":15},"end":{"line":4,"column":31}},"3":{"start":{"line":5,"column":23},"end":{"line":5,"column":43}},"4":{"start":{"line":7,"column":17},"end":{"line":16,"column":4}},"5":{"start":{"line":9,"column":18},"end":{"line":9,"column":26}},"6":{"start":{"line":10,"column":4},"end":{"line":14,"column":5}},"7":{"start":{"line":11,"column":6},"end":{"line":11,"column":54}},"8":{"start":{"line":13,"column":6},"end":{"line":13,"column":26}},"9":{"start":{"line":15,"column":4},"end":{"line":15,"column":53}},"10":{"start":{"line":17,"column":2},"end":{"line":17,"column":65}},"11":{"start":{"line":20,"column":27},"end":{"line":25,"column":1}},"12":{"start":{"line":21,"column":2},"end":{"line":23,"column":3}},"13":{"start":{"line":22,"column":4},"end":{"line":22,"column":41}},"14":{"start":{"line":24,"column":2},"end":{"line":24,"column":15}},"15":{"start":{"line":27,"column":20},"end":{"line":59,"column":1}},"16":{"start":{"line":28,"column":15},"end":{"line":28,"column":17}},"17":{"start":{"line":30,"column":15},"end":{"line":57,"column":3}},"18":{"start":{"line":31,"column":24},"end":{"line":31,"column":48}},"19":{"start":{"line":32,"column":4},"end":{"line":36,"column":5}},"20":{"start":{"line":33,"column":6},"end":{"line":33,"column":54}},"21":{"start":{"line":33,"column":26},"end":{"line":33,"column":52}},"22":{"start":{"line":34,"column":6},"end":{"line":35,"column":62}},"23":{"start":{"line":35,"column":26},"end":{"line":35,"column":51}},"24":{"start":{"line":37,"column":4},"end":{"line":40,"column":5}},"25":{"start":{"line":38,"column":26},"end":{"line":38,"column":72}},"26":{"start":{"line":39,"column":6},"end":{"line":39,"column":63}},"27":{"start":{"line":41,"column":4},"end":{"line":44,"column":5}},"28":{"start":{"line":42,"column":26},"end":{"line":42,"column":72}},"29":{"start":{"line":43,"column":6},"end":{"line":43,"column":63}},"30":{"start":{"line":45,"column":4},"end":{"line":47,"column":5}},"31":{"start":{"line":46,"column":6},"end":{"line":46,"column":62}},"32":{"start":{"line":48,"column":4},"end":{"line":52,"column":5}},"33":{"start":{"line":49,"column":26},"end":{"line":49,"column":78}},"34":{"start":{"line":50,"column":25},"end":{"line":50,"column":76}},"35":{"start":{"line":51,"column":6},"end":{"line":51,"column":107}},"36":{"start":{"line":53,"column":4},"end":{"line":55,"column":5}},"37":{"start":{"line":54,"column":6},"end":{"line":54,"column":107}},"38":{"start":{"line":56,"column":4},"end":{"line":56,"column":18}},"39":{"start":{"line":58,"column":2},"end":{"line":58,"column":35}}},"fnMap":{"0":{"name":"(anonymous_0)","decl":{"start":{"line":3,"column":23},"end":{"line":3,"column":24}},"loc":{"start":{"line":3,"column":40},"end":{"line":18,"column":1}},"line":3},"1":{"name":"(anonymous_1)","decl":{"start":{"line":7,"column":26},"end":{"line":7,"column":27}},"loc":{"start":{"line":7,"column":35},"end":{"line":16,"column":3}},"line":7},"2":{"name":"(anonymous_2)","decl":{"start":{"line":20,"column":27},"end":{"line":20,"column":28}},"loc":{"start":{"line":20,"column":46},"end":{"line":25,"column":1}},"line":20},"3":{"name":"(anonymous_3)","decl":{"start":{"line":27,"column":20},"end":{"line":27,"column":21}},"loc":{"start":{"line":27,"column":36},"end":{"line":59,"column":1}},"line":27},"4":{"name":"(anonymous_4)","decl":{"start":{"line":30,"column":15},"end":{"line":30,"column":16}},"loc":{"start":{"line":30,"column":41},"end":{"line":57,"column":3}},"line":30},"5":{"name":"(anonymous_5)","decl":{"start":{"line":33,"column":16},"end":{"line":33,"column":17}},"loc":{"start":{"line":33,"column":26},"end":{"line":33,"column":52}},"line":33},"6":{"name":"(anonymous_6)","decl":{"start":{"line":35,"column":13},"end":{"line":35,"column":14}},"loc":{"start":{"line":35,"column":26},"end":{"line":35,"column":51}},"line":35}},"branchMap":{"0":{"loc":{"start":{"line":10,"column":4},"end":{"line":14,"column":5}},"type":"if","locations":[{"start":{"line":10,"column":4},"end":{"line":14,"column":5}},{"start":{"line":12,"column":11},"end":{"line":14,"column":5}}],"line":10},"1":{"loc":{"start":{"line":10,"column":8},"end":{"line":10,"column":51}},"type":"binary-expr","locations":[{"start":{"line":10,"column":8},"end":{"line":10,"column":33}},{"start":{"line":10,"column":37},"end":{"line":10,"column":51}}],"line":10},"2":{"loc":{"start":{"line":21,"column":2},"end":{"line":23,"column":3}},"type":"if","locations":[{"start":{"line":21,"column":2},"end":{"line":23,"column":3}},{"start":{},"end":{}}],"line":21},"3":{"loc":{"start":{"line":21,"column":6},"end":{"line":21,"column":49}},"type":"binary-expr","locations":[{"start":{"line":21,"column":6},"end":{"line":21,"column":31}},{"start":{"line":21,"column":35},"end":{"line":21,"column":49}}],"line":21},"4":{"loc":{"start":{"line":30,"column":22},"end":{"line":30,"column":36}},"type":"default-arg","locations":[{"start":{"line":30,"column":35},"end":{"line":30,"column":36}}],"line":30},"5":{"loc":{"start":{"line":32,"column":4},"end":{"line":36,"column":5}},"type":"if","locations":[{"start":{"line":32,"column":4},"end":{"line":36,"column":5}},{"start":{},"end":{}}],"line":32},"6":{"loc":{"start":{"line":37,"column":4},"end":{"line":40,"column":5}},"type":"if","locations":[{"start":{"line":37,"column":4},"end":{"line":40,"column":5}},{"start":{},"end":{}}],"line":37},"7":{"loc":{"start":{"line":41,"column":4},"end":{"line":44,"column":5}},"type":"if","locations":[{"start":{"line":41,"column":4},"end":{"line":44,"column":5}},{"start":{},"end":{}}],"line":41},"8":{"loc":{"start":{"line":45,"column":4},"end":{"line":47,"column":5}},"type":"if","locations":[{"start":{"line":45,"column":4},"end":{"line":47,"column":5}},{"start":{},"end":{}}],"line":45},"9":{"loc":{"start":{"line":48,"column":4},"end":{"line":52,"column":5}},"type":"if","locations":[{"start":{"line":48,"column":4},"end":{"line":52,"column":5}},{"start":{},"end":{}}],"line":48},"10":{"loc":{"start":{"line":53,"column":4},"end":{"line":55,"column":5}},"type":"if","locations":[{"start":{"line":53,"column":4},"end":{"line":55,"column":5}},{"start":{},"end":{}}],"line":53}},"s":{"0":2,"1":2,"2":14,"3":14,"4":14,"5":18,"6":18,"7":6,"8":12,"9":18,"10":14,"11":2,"12":30,"13":8,"14":22,"15":2,"16":2,"17":2,"18":46,"19":46,"20":10,"21":26,"22":10,"23":36,"24":46,"25":10,"26":10,"27":46,"28":4,"29":4,"30":46,"31":6,"32":46,"33":8,"34":8,"35":8,"36":46,"37":8,"38":46,"39":2},"f":{"0":14,"1":18,"2":30,"3":2,"4":46,"5":26,"6":36},"b":{"0":[6,12],"1":[18,6],"2":[8,22],"3":[30,10],"4":[2],"5":[10,36],"6":[10,36],"7":[4,42],"8":[6,40],"9":[8,38],"10":[8,38]},"_coverageSchema":"1a1c01bbd47fc00a2c39e90264f33305004495a9","hash":"e3b72023ea20f6f03fd909bf14feaf5169259f48"}
}
