TN:
SF:__fixtures__/diffArray.js
FNF:0
FNH:0
DA:1,3
LF:1
LH:1
BRF:0
BRH:0
end_of_record
TN:
SF:src/fileParse.js
FN:3,(anonymous_0)
FNF:1
FNH:1
FNDA:3,(anonymous_0)
DA:3,1
DA:4,3
DA:6,1
DA:8,1
DA:10,1
DA:12,0
LF:6
LH:5
BRDA:4,0,0,1
BRDA:4,0,1,1
BRDA:4,0,2,1
BRDA:4,0,3,0
BRF:4
BRH:3
end_of_record
TN:
SF:src/generateDiff.js
FN:3,(anonymous_0)
FN:7,(anonymous_1)
FN:18,(anonymous_2)
FN:23,(anonymous_3)
FNF:4
FNH:4
FNDA:1,(anonymous_0)
FNDA:9,(anonymous_1)
FNDA:6,(anonymous_2)
FNDA:10,(anonymous_3)
DA:3,1
DA:4,1
DA:7,1
DA:8,9
DA:9,1
DA:13,8
DA:18,1
DA:19,6
DA:20,6
DA:21,6
DA:22,6
DA:24,10
DA:25,2
DA:27,8
DA:28,1
DA:30,7
DA:31,1
DA:32,1
DA:34,6
DA:35,5
DA:37,1
LF:21
LH:21
BRDA:8,0,0,1
BRDA:8,0,1,8
BRDA:24,1,0,2
BRDA:24,1,1,8
BRDA:27,2,0,1
BRDA:27,2,1,7
BRDA:30,3,0,1
BRDA:30,3,1,6
BRDA:30,4,0,7
BRDA:30,4,1,1
BRDA:34,5,0,5
BRDA:34,5,1,1
BRF:12
BRH:12
end_of_record
TN:
SF:src/formatters/index.js
FN:5,(anonymous_0)
FNF:1
FNH:1
FNDA:3,(anonymous_0)
DA:5,1
DA:6,3
DA:7,1
DA:9,2
DA:10,1
DA:12,1
DA:13,1
DA:15,0
LF:8
LH:7
BRDA:6,0,0,1
BRDA:6,0,1,2
BRDA:9,1,0,1
BRDA:9,1,1,1
BRDA:12,2,0,1
BRDA:12,2,1,0
BRF:6
BRH:5
end_of_record
TN:
SF:src/formatters/makePlain.js
FN:1,(anonymous_0)
FN:9,(anonymous_1)
FN:11,(anonymous_2)
FN:12,(anonymous_3)
FN:13,(anonymous_4)
FN:38,(anonymous_5)
FNF:6
FNH:6
FNDA:26,(anonymous_0)
FNDA:30,(anonymous_1)
FNDA:10,(anonymous_2)
FNDA:26,(anonymous_3)
FNDA:36,(anonymous_4)
FNDA:2,(anonymous_5)
DA:1,2
DA:2,26
DA:3,14
DA:4,12
DA:5,6
DA:7,6
DA:9,30
DA:11,10
DA:12,26
DA:14,36
DA:16,10
DA:19,4
DA:22,8
DA:25,6
DA:28,8
DA:31,0
DA:38,2
LF:17
LH:16
BRDA:2,0,0,14
BRDA:2,0,1,12
BRDA:4,1,0,6
BRDA:4,1,1,6
BRDA:4,2,0,12
BRDA:4,2,1,8
BRDA:9,3,0,22
BRDA:9,3,1,8
BRDA:14,4,0,10
BRDA:14,4,1,4
BRDA:14,4,2,8
BRDA:14,4,3,6
BRDA:14,4,4,8
BRDA:14,4,5,0
BRF:14
BRH:13
end_of_record
TN:
SF:src/formatters/makeStylish.js
FN:3,(anonymous_0)
FN:7,(anonymous_1)
FN:20,(anonymous_2)
FN:27,(anonymous_3)
FN:30,(anonymous_4)
FN:33,(anonymous_5)
FN:35,(anonymous_6)
FNF:7
FNH:7
FNDA:14,(anonymous_0)
FNDA:18,(anonymous_1)
FNDA:30,(anonymous_2)
FNDA:2,(anonymous_3)
FNDA:46,(anonymous_4)
FNDA:26,(anonymous_5)
FNDA:36,(anonymous_6)
DA:1,2
DA:3,2
DA:4,14
DA:5,14
DA:7,14
DA:9,18
DA:10,18
DA:11,6
DA:13,12
DA:15,18
DA:17,14
DA:20,2
DA:21,30
DA:22,8
DA:24,22
DA:27,2
DA:28,2
DA:30,2
DA:31,46
DA:32,46
DA:33,26
DA:34,10
DA:35,36
DA:37,46
DA:38,10
DA:39,10
DA:41,46
DA:42,4
DA:43,4
DA:45,46
DA:46,6
DA:48,46
DA:49,8
DA:50,8
DA:51,8
DA:53,46
DA:54,8
DA:56,46
DA:58,2
LF:39
LH:39
BRDA:10,0,0,6
BRDA:10,0,1,12
BRDA:10,1,0,18
BRDA:10,1,1,6
BRDA:21,2,0,8
BRDA:21,2,1,22
BRDA:21,3,0,30
BRDA:21,3,1,10
BRDA:30,4,0,2
BRDA:32,5,0,10
BRDA:32,5,1,36
BRDA:37,6,0,10
BRDA:37,6,1,36
BRDA:41,7,0,4
BRDA:41,7,1,42
BRDA:45,8,0,6
BRDA:45,8,1,40
BRDA:48,9,0,8
BRDA:48,9,1,38
BRDA:53,10,0,8
BRDA:53,10,1,38
BRF:21
BRH:21
end_of_record
